  stdafx.cpp
  EGraphConnectionTypes.cpp
  EGraphNodeTypes.cpp
  EGraphEditor.cpp
  EGraphRenderer.cpp
  ENavGraph.cpp
  EGeometry2DTypes.cpp
  EInputManager.cpp
  EMatrix2x3.cpp
  ERigidBodyBox2D.cpp
  EPhysicsWorldBox2D.cpp
  ECamera2D.cpp
  SDLDebugRenderer2D.cpp
  SDLFrame.cpp
  ETimer_SDL.cpp
  EImmediateUI.cpp
  SDLWindow.cpp
  gl3w.c
  main.cpp
  App_FlowField.cpp
  App_GraphTheory.cpp
  Compiling...
  App_NavMeshGraph.cpp
D:\School\Semester 3\Gameplay prog\Exam\Research\Flow Field\Flowfield\GPP_Framework\Flowfield\source\framework\EliteAI\EliteNavigation\Algorithms\EPathSmoothing.h(97,24): warning C4018: '<': signed/unsigned mismatch
  App_PathfindingAStar.cpp
  App_CombinedSteering.cpp
  App_Flocking.cpp
  CombinedSteeringBehaviors.cpp
  FlockingSteeringBehaviors.cpp
  SpacePartitioning.cpp
  TheFlock.cpp
  App_Sandbox.cpp
  SandboxAgent.cpp
  App_SteeringBehaviors.cpp
  Obstacle.cpp
  SteeringAgent.cpp
  SteeringBehaviors.cpp
  BaseAgent.cpp
  NavigationColliderElement.cpp
  Generating code
  Previous IPDB not found, fall back to full compilation.
  All 3397 functions were compiled because no usable IPDB/IOBJ from previous compilation was found.
  Finished generating code
  GPP_Framework.vcxproj -> D:\School\Semester 3\Gameplay prog\Exam\Research\Flow Field\Flowfield\GPP_Framework\Flowfield\bin\Release\GPP_Framework.exe
  D:\School\Semester 3\Gameplay prog\Exam\Research\Flow Field\Flowfield\GPP_Framework\Flowfield\source\..\lib\SDL2.dll
  1 File(s) copied
